[10 апр 15 12:37] * alexey.sadykov * >Гражданам России для въезда в Турецкую Республику с целью туризма не требуется получение визы. Разрешенный срок пребывания в Турции – не более 60 дней подряд.
[10 апр 15 12:37] * alexey.sadykov * Маша: бесплатно
[10 апр 15 12:39] * alexey.sadykov * ща еще Слава Печко узнает, возможно и он полетит со своей барышней
[10 апр 15 12:39] * andrei.rynkevich * костян ?
[10 апр 15 12:39] * alexey.sadykov * Костян хз
[10 апр 15 12:39] * alexey.sadykov * зовите с собой друзей без проблем
[10 апр 15 12:42] * andrei.rynkevich * запишитесь еще сюда https://confluence.ocslab.com/display/OIX/Vacations
чтобы понимать кто будет на месте, а кто нет
[10 апр 15 12:42] * alexey.sadykov * ок
[10 апр 15 12:42] * alexey.sadykov * записался
[10 апр 15 12:52] * alexey.sadykov * пригласил Славу :)
[10 апр 15 12:53] * vyacheslav.pechko * Всем привет
[10 апр 15 12:54] * andrei.rynkevich * ты кто ?
[10 апр 15 12:54] * alexey.sadykov * эй, не обижайте его :)
[10 апр 15 12:55] * alexey.sadykov * Слава, на двоих тур с топливом будет 40тр стоить
[10 апр 15 12:56] * vyacheslav.pechko * Отлично)
[10 апр 15 12:56] * alexey.sadykov * Маша: со скидкой плюс топливо 39800р
[10 апр 15 12:57] * andrei.rynkevich * а номера там какие, одно или двукомнатные ?
[10 апр 15 12:57] * alexey.sadykov * Андрей, я не в курсе, посмотри на сайте отеля http://www.sohobeachhotel.com/galeri
[10 апр 15 12:58] * alexey.sadykov * можно отзывы почитать
[10 апр 15 13:38] * alexey.sadykov * Добавил Артема
[10 апр 15 13:39] # The topic is 'http://www.ntk-intourist.ru/catalog.aspx?hotel_id=10156' (set by alexey.sadykov)
[10 апр 15 13:39] * artem.ryabov * 3 семьи уже забронировались, я так понял? куда деньги платить? :)
[10 апр 15 13:40] * alexey.sadykov * можно забронироваться хоть сейчас
[10 апр 15 13:40] * alexey.sadykov * просто у интуриста ща пока курс 53.5
[10 апр 15 13:40] * alexey.sadykov * возможно в понедеьлник будет 50
[10 апр 15 13:40] * alexey.sadykov * экономия порядком 3тр
[10 апр 15 13:40] * alexey.sadykov * а ты с нами уже 100%?
[10 апр 15 13:41] * artem.ryabov * ааааа
[10 апр 15 13:41] * artem.ryabov * у меня у жены комиссия = скидка 10%
[10 апр 15 13:41] * alexey.sadykov * всмысле комиссия?
[10 апр 15 13:41] * vyacheslav.pechko * Так мб через Артёма тогда взять?
[10 апр 15 13:41] * artem.ryabov * она ж - турАгент - у них комиссия - ну как в ОИКСе :)
[10 апр 15 13:41] * alexey.sadykov * без проблем!
[10 апр 15 13:42] * artem.ryabov * да, берите через меня
[10 апр 15 13:42] * alexey.sadykov * Артем, пусть она подсчитает
[10 апр 15 13:42] * alexey.sadykov * я тоже через знакомую беру турагента, онамне дает скидос 3%
[10 апр 15 13:42] * alexey.sadykov * если дадут 10 - то хоть прямо ща можно бронировать
[10 апр 15 13:44] * artem.ryabov * тебе сегодня считать - или гшлавное до/в понедельник?
[10 апр 15 13:45] * alexey.sadykov * да пусть прикинет хотя бы есть скидка то или нет
[10 апр 15 13:45] * alexey.sadykov * я если честно рассчитывал на 40тр... но тут нарисовалось 50 :(
[10 апр 15 13:49] * artem.ryabov * ну насчёт 10% [s]я наврал[/s] неточно, но 5% точно дадут
[10 апр 15 13:49] * artem.ryabov * (уточнил)
[10 апр 15 13:49] * alexey.sadykov * гыыы
[10 апр 15 13:49] < andrei.rynkevich has left
[10 апр 15 14:02] * alexey.sadykov * у нас кстати есть скидосная карта от интуриста
[10 апр 15 14:03] * vyacheslav.pechko * И для турскидок тоже
[10 апр 15 14:03] * alexey.sadykov * дык для турскидок и тольк
[10 апр 15 14:54] < gregory.koval has left
[10 апр 15 14:54] * artem.ryabov * я кажется не еду - у моих загран кончается в середине июня, а у Турции сейчас требование - чтобы не меньше 4 месяцев было до конца
[10 апр 15 14:54] * artem.ryabov * :(
[10 апр 15 14:54] * alexey.sadykov * дык езжай один :)
[10 апр 15 14:55] * artem.ryabov * вам, комрады, предложение от жены будет озвучено к 5 часам - ну скажем в долларах с прилагаемым курсом оператора, чтобы легче было сравнить
[10 апр 15 14:55] * artem.ryabov * вот подумаю ;)
[10 апр 15 14:55] * alexey.sadykov * супер!
[10 апр 15 14:55] * artem.ryabov * но в турцию хотелось бы с дитями всё таки
[10 апр 15 14:56] * artem.ryabov * раз уж вы там все с ними :)
[10 апр 15 14:56] * alexey.sadykov * дык мы в три семьи с дитями
[10 апр 15 14:56] * vyacheslav.pechko * Чё-т погода не айс
[10 апр 15 14:56] * vyacheslav.pechko * http://www.gismeteo.ru/month/3788/
[10 апр 15 14:56] * vyacheslav.pechko * Вы где смотрели?
[10 апр 15 14:56] * alexey.sadykov * гыыы только что было нештяк :)
[10 апр 15 14:57] * alexey.sadykov * я смотрел с утра было солнце, ща дожди :)
[10 апр 15 14:57] * artem.ryabov * :-D
[10 апр 15 14:58] * vyacheslav.pechko * может египт?
[10 апр 15 14:59] * alexey.sadykov * египт дороже
[10 апр 15 15:00] * vyacheslav.pechko * Зато погода норм будет
[10 апр 15 15:01] * alexey.sadykov * у меня нет денег больше 50тр на тур
[10 апр 15 15:01] * alexey.sadykov * найди 5* на 9 дней все включено :) будет ценник выше 80
[10 апр 15 15:01] * alexey.sadykov * а погоду смотреть на две недели вперед - дело неблагодарное
[10 апр 15 15:02] * alexey.sadykov * Вон Гриша был в прошлом году в это же время - он купался и холодно не было :)
[10 апр 15 15:04] * vyacheslav.pechko * :)
[10 апр 15 16:20] > andrei.rynkevich has joined
[10 апр 15 16:21] * alexey.sadykov * Артем, мы ждем :)
[10 апр 15 16:22] * alexey.sadykov * кстати бакс попер вверх, уже больше 52р
[10 апр 15 16:23] * artem.ryabov * ой ой?
[10 апр 15 16:23] * alexey.sadykov * но до понедельника можно дотянуть :)
[10 апр 15 16:23] * artem.ryabov * (пнул) :)
[10 апр 15 16:24] * alexey.sadykov * надеюсь не больно
[10 апр 15 16:24] * artem.ryabov * не
[10 апр 15 16:24] > gregory.koval has joined
[10 апр 15 16:24] * alexey.sadykov * если агенство не снизило курс доллара мне кажется это говорит о том что ниже оно продавать не будет
[10 апр 15 16:24] * alexey.sadykov * или поднимут цену в баксах
[10 апр 15 16:26] * alexey.sadykov * Бесплатные услуги

сауна
турецкая баня
настольный теннис
бадминтон
сквош
дартс
шахматы
бильярд
пляжный волейбол
аэробика
дискотека (вход)
развлекательные программы
[10 апр 15 16:27] * andrei.rynkevich * дискотека (вход) - ага, а за выход значит бабки дрять будут ? )
[10 апр 15 16:28] * artem.ryabov * агенство платит по курсу отеля-оператора-на момент подтверждения брони... имеется риск заплатить в пнд вечером и во вторник утром иметь некоторую разницу... но это так, страшилки
[10 апр 15 16:28] * alexey.sadykov * мвахахаха
[10 апр 15 16:28] * alexey.sadykov * возможно на дискотеке бухло платное
[10 апр 15 16:29] * vyacheslav.pechko * Скорее всего, бухло имелось ввиду
[10 апр 15 16:29] * alexey.sadykov * да пох, с собой пронесем :)
[10 апр 15 16:31] * alexey.sadykov * 28 июня на 10 дней отправляли своих друзей,семью из четырех человек. Вот их отзыв:
Никаких минусов по отелю нет. Всё великолепно, все остались довольны отдыхом. Номера большие, совсем не теснились вчетвером. Питание на уровне. С фруктами неплохо, каждый день - арбузы, дыни, виноград, персики..."Библики" с "Бельмондо" сработали чётко. Отель чисто семейный - молодежи там будет скучно, несмотря на клуб "Сохо". Состав отдыхающих: 90% русские, остальные - хохлы и казахи+1 семья поляков :) Порадовало, что никаких пьяных рож не видел, бухали все в меру. Белек оставил приятное впечатление, мы туда трижды ходили. Да и просто гуляли... Действительно элитный курорт Турции. Маленький недостаток отеля вспомнил - грязноватый пляж ( щепки, окурки.... ). Это не напрягало, а напоминало Анапу. Заходил на пляж "Вояжа", МАХХ.... - всё вылизано. Вроде всё.
[10 апр 15 16:31] * alexey.sadykov * Слава там со скуки умрет :)
[10 апр 15 16:32] * artem.ryabov * ракии накидаццо и в белек на скутере
[10 апр 15 16:32] * vyacheslav.pechko * )))
[10 апр 15 16:32] * alexey.sadykov * турчанок искать? :)
[10 апр 15 16:35] * alexey.sadykov * посмотрел несколько видосов - пипец там территория, полно беседок под кальяны
[10 апр 15 16:36] * alexey.sadykov * топчаны и прочие вещи - само то!
[10 апр 15 16:44] * alexey.sadykov * http://top.rbc.ru/finances/10/04/2015/5527c8299a7947231039cfa3
[10 апр 15 16:44] * alexey.sadykov * так что ниже 50р не будет
[10 апр 15 16:49] < gregory.koval has left
[10 апр 15 17:06] > gregory.koval has joined
[10 апр 15 17:07] * alexey.sadykov * andrei.rynkevich: скинь мне сканы загранников
[10 апр 15 17:12] * andrei.rynkevich * сегодня решили покупать ?
[10 апр 15 17:12] * alexey.sadykov * Гриша, ты что думаешь?
[10 апр 15 17:13] * alexey.sadykov * я готов заказать, меня цена устраивает, +-1тр ничего не сделает
[10 апр 15 17:13] * andrei.rynkevich * я тоже готов, просто у меня паспорта дома
[10 апр 15 17:13] * alexey.sadykov * просто вроде как artem.ryabov ждем
[10 апр 15 17:13] * alexey.sadykov * ну ты мне скинь на мыло их вечером или по вайберу
[10 апр 15 17:13] * andrei.rynkevich * могу поздно прислать вечером
[10 апр 15 17:13] * andrei.rynkevich * норм ?
[10 апр 15 17:13] * alexey.sadykov * да без проблем, завтра закажу
[10 апр 15 17:13] * alexey.sadykov * просто по мимо заказа мне еще бабло нужно :)
[10 апр 15 17:14] * alexey.sadykov * я бы на выхах встретился и бабло передал своей знакомой
[10 апр 15 17:14] * andrei.rynkevich * оплата как будет идти, налом или картой можно, все вместе или по отдельности ?
[10 апр 15 17:15] * alexey.sadykov * ну в целом она говорила можно ей перевести на карту сбера
[10 апр 15 17:15] * alexey.sadykov * но я бы лично с ней встретился
[10 апр 15 17:15] * alexey.sadykov * ты можешь кинуть мне на альфу
[10 апр 15 17:15] * andrei.rynkevich * как хош, если переводить то тебе проще, у меня твой счет уже есть )
[10 апр 15 17:16] * andrei.rynkevich * я на картоху )
[10 апр 15 17:16] * alexey.sadykov * ок если бабло есть то кидай... еще придется тебе кинуть за друзей своих если они согласны
[10 апр 15 17:20] * alexey.sadykov * http://www.booking.com/hotel/tr/soho-beach-club.ru.html?aid=356993;label=gog235jc-hotel-ru-tr-sohoNbeachNclub-unspec-ru-com-L%3Aru-V%3A0CDEQFjADOAo-O%3Aunk-B%3Aunk-N%3AXX-S%3Abo;sid=2df7cce2696f51a6a824d336fed35878;dcid=1;checkin=2015-04-25;checkout=2015-05-04;ucfs=1;srfid=c86ef79763f8d0278281b2ad250a9f36e1ec3dfcX1;highlight_room=119570707
[10 апр 15 17:21] * alexey.sadykov * отель без самолета стоит 46 058 руб.
[10 апр 15 17:22] * gregory.koval * я тоже готов
[10 апр 15 17:23] * alexey.sadykov * а с самолетом и трансфером 51800 руб
[10 апр 15 17:24] * gregory.koval * сколько с меня?
[10 апр 15 17:25] * alexey.sadykov * [12:22:49] | alexey.sadykov: 2. Гриша и дочка (6 лет) 566 уе миеус скидка плюс топливо 120! Итого 35850?
[10 апр 15 17:25] * alexey.sadykov * кидай мне на альфу, координаты нужны?
[10 апр 15 17:26] * gregory.koval * да кинь координаты
[10 апр 15 17:27] * alexey.sadykov * Садыков Алексей Рафикович
40817810004010620269 (RUR)
[10 апр 15 17:46] < andrei.rynkevich has left
[10 апр 15 17:51] < gregory.koval has left
[10 апр 15 18:07] < alexey.sadykov has left
[10 апр 15 18:32] < vyacheslav.pechko has left
