[06 июн 14 12:20] * artem.ryabov * тест
[06 июн 14 12:21] * olga.bogomolova * )
[06 июн 14 12:21] * artem.ryabov * у Юльки опять тех проблемы с чатом (
[06 июн 14 12:22] * olga.bogomolova * потому что она чаталку заюзала )
[06 июн 14 12:22] * artem.ryabov * пф :)
[06 июн 14 12:57] * artem.ryabov * а что с вопросом алкоголя? 
Today 
12:52ща
12:56artem.ryabov, 05.06.2014 16:58:51:
у меня появилась мини-идея на бухач
1) пить коньяк - после него алко дольше держится в организме
2) пить на подъёзде к питеру или прям в питере до сенсейшена... можно как-то присовокупить к этому Шурика Карпухина кот как раз будет там в это время, причём с гостиницей :)

alexey.sadykov, 17:01:22:
мвахахаха :)))

alexey.sadykov, 17:01:34:
3) не пить совсем и использовать вещества!

artem.ryabov, 17:02:00:
да, есть и такой вариант. разбивающийся на "без веществ и с оными"

artem.ryabov, 17:02:21:
я ещё не решил для себя :)

....

alexey.sadykov, 17:07:31:
в целом я могу попробываь достать [CENSORED]   - эта штука голову не сносит, никаких психоделических эффектов, просто энергии хватает не спать всю ночь
хочешь танцуй хочешь стой... единственное спать не получится как кофе выпил

( Я: не буду )ъ
[06 июн 14 12:58] * artem.ryabov * ( это Блька интересовалась )
[06 июн 14 12:58] * artem.ryabov * Юлька
[06 июн 14 12:58] * artem.ryabov * (хорошо, что она не в чате)
[06 июн 14 12:58] * artem.ryabov * (( неудобное у неё имя для описок :-P ))
[06 июн 14 12:59] * olga.bogomolova * :-)
[06 июн 14 13:00] * olga.bogomolova * мне чтоб не спать не нужны средства )
[06 июн 14 13:03] * artem.ryabov * везёт...
[06 июн 14 13:03] * artem.ryabov * единогласно без веществ пока
[06 июн 14 13:05] * artem.ryabov * хм http://piter.groupon.ru/deals/teplohodspb22?nlp=1&utm_source=google_search&utm_medium=cpc&utm_term=%D0%BF%D1%80%D0%BE%D0%B3%D1%83%D0%BB%D0%BA%D0%B0%20%D0%BD%D0%B0%20%D1%82%D0%B5%D0%BF%D0%BB%D0%BE%D1%85%D0%BE%D0%B4%D0%B5&utm_content=teplohod_366901797&utm_campaign=rtc_st.petersburg_deals
[06 июн 14 13:06] * olga.bogomolova * хорошо, если там без "доплат на месте"
[06 июн 14 13:11] * artem.ryabov * фиговато, пока отметаем
[06 июн 14 13:11] * artem.ryabov * щас выбираю трамваи.... ночные прикольные, но они все в разгар сенсешына :) не подходят...
[06 июн 14 13:17] * artem.ryabov * нафильтровал пока вот https://www.evernote.com/shard/s140/sh/18f3ee21-a78b-4753-9999-0f0b2d466fa9/17ad2cd0dacfea08efbb3df35868e382
[06 июн 14 13:19] * artem.ryabov * 13:18вот тоже хорошее ночное но нам по времени не подходит https://www.evernote.com/shard/s140/sh/65aa6a3f-9ffd-4881-901a-62d7699d9b31/1d0dabf383be4d969504f53c6a6bb19a13:18но мало ли, в другой раз :)
[06 июн 14 13:32] * artem.ryabov * антиресная идея..... http://www.sputnik8.com/ru/st-petersburg/activities/1855-progulka-po-kryshe-dlya-kazhdogo?utm_campaign=spb_roofs_old_progulki_custom&utm_content=norm&utm_medium=cpc&utm_source=google
[06 июн 14 15:55] < olga.bogomolova (olga.bogomolova@phorm.com/Офис) has left
