[05 фев 15 14:27] # The topic is 'http://par.ru/kompleksy/usadba-na-oktyabrskom-pole' (set by Алексей(Банщик)Садыков)
[05 фев 15 14:28] * olesya.bolyak * :-D банщик )))))
[05 фев 15 14:28] * Алексей(Банщик)Садыков * а то :)
[05 фев 15 14:28] * alexander.karpuhin * блин прекратите создавать везде чатики))
[05 фев 15 14:28] * alexander.karpuhin * давайте еще в вк и в фб :))
[05 фев 15 14:28] * Алексей(Банщик)Садыков * кто что скажет по поводу этой бани?
[05 фев 15 14:28] * denis.verevkin * а давайте
[05 фев 15 14:28] * Алексей(Банщик)Садыков * я там был в номере "Сказка" - суперская вещь
[05 фев 15 14:28] * denis.verevkin * норм, только ехать...
[05 фев 15 14:29] * Алексей(Банщик)Садыков * на метро или авто
[05 фев 15 14:29] * alexander.karpuhin * а кинь линк сюда еще раз
[05 фев 15 14:29] * Алексей(Банщик)Садыков * линк в заголовке чата
[05 фев 15 14:29] * alexander.karpuhin * а вижу
[05 фев 15 14:29] * alexander.karpuhin * А девкушки там тоже есть ?
[05 фев 15 14:30] * denis.verevkin * тебя какие интересуют?
[05 фев 15 14:30] * Алексей(Банщик)Садыков * не знаю, мы там др семьями отмечали
[05 фев 15 14:30] * Алексей(Банщик)Садыков * вернее я свой отмечал
[05 фев 15 14:30] * denis.verevkin * или ты про местных?
[05 фев 15 14:30] * alexander.karpuhin * http://par.ru/sites/default/files/1_bungalo_stol.jpg
[05 фев 15 14:30] * Алексей(Банщик)Садыков * кого еще позвать?
[05 фев 15 14:30] * alexander.karpuhin * там на фото было
[05 фев 15 14:31] * vyacheslav.pechko * Есть услуга: "Дополнительная гейша-хозяка (1 час) или последующие часы"
[05 фев 15 14:31] * denis.verevkin * тогда есть
[05 фев 15 14:31] * alexander.karpuhin * Славка ты там подрабатываешь ?))
[05 фев 15 14:31] * alexander.karpuhin * Раскрыл тебя
[05 фев 15 14:31] * alexander.karpuhin * прости :(
[05 фев 15 14:31] * Алексей(Банщик)Садыков * это кстати рядом со Славой? ты же рядом жвешь?
[05 фев 15 14:33] * vyacheslav.pechko * Ага, недалеко))
[05 фев 15 14:34] * vyacheslav.pechko * Удобно работать по вечерам))
[05 фев 15 14:43] > gregory.koval has joined
[05 фев 15 14:44] > vladimir.minakov has joined
[05 фев 15 14:48] * vladimir.minakov * а чо в пределах ттк совсем все плохо с банями?
[05 фев 15 14:49] > vitaliy.pomazenkov has joined
[05 фев 15 14:56] * Алексей(Банщик)Садыков * очень мало где дрова, веники
[05 фев 15 14:56] * Алексей(Банщик)Садыков * варианты предлагайте, я свой предложил
[05 фев 15 14:58] > andrei.rynkevich has joined
[05 фев 15 14:58] * Алексей(Банщик)Садыков * предлагаю следующую неделю в будни вечером
[05 фев 15 15:02] * Алексей(Банщик)Садыков * вобщем желающие е?
[05 фев 15 15:02] * denis.verevkin * есть
[05 фев 15 15:02] * denis.verevkin * пнд срд чтв
[05 фев 15 15:02] * Алексей(Банщик)Садыков * кул
[05 фев 15 15:03] * Алексей(Банщик)Садыков * мож создать гуглдок как vyacheslav.pechko обычно делает?
[05 фев 15 15:03] * vladimir.minakov * +1
[05 фев 15 15:03] * alexander.karpuhin * блин да вы с ума сходите что ли)) начали со скайпа, потом жаббер, потом гуглдок)
[05 фев 15 15:03] * vyacheslav.pechko * Алексей(Банщик)Садыков: +1
[05 фев 15 15:03] * Алексей(Банщик)Садыков * Слава, сделаешь? опыт у тебя есть...
[05 фев 15 15:04] * Алексей(Банщик)Садыков * или я даже не знаю ща сам попробую
[05 фев 15 15:04] * Алексей(Банщик)Садыков * типа там общий доступ?
[05 фев 15 15:04] * vyacheslav.pechko * https://docs.google.com/spreadsheets/d/1xLDbUYWgAnBvhP0wPlYg-qfZJI4mIc6o3pC81EQhWFQ/edit#gid=0
[05 фев 15 15:04] * vyacheslav.pechko * всё доступно для редактирования
[05 фев 15 15:04] * Алексей(Банщик)Садыков * вах!
[05 фев 15 15:04] < alexander.karpuhin has left
[05 фев 15 15:04] * olesya.bolyak * Саша, в доке же не пообсуждаешь толком, зато все увидят, когда ты сможешь ))
[05 фев 15 15:06] * Алексей(Банщик)Садыков * обсуждаем следующую неделю и через следующую ;)
[05 фев 15 15:07] * vyacheslav.pechko * +
[05 фев 15 15:08] > alexander.karpuhin has joined
[05 фев 15 15:09] * Алексей(Банщик)Садыков * Вариант надо выбрать сегодня завтра и забронировать
[05 фев 15 15:10] > oleg.pervyshov has joined
[05 фев 15 15:10] * alexander.karpuhin * а в гугл доке расписано на 2 недели, это: след и через неделю или эта и следующая ?
[05 фев 15 15:10] * olesya.bolyak * эта уже отпадает )
[05 фев 15 15:11] < oleg.pervyshov has left
[05 фев 15 15:11] > oleg.pervyshov has joined
[05 фев 15 15:12] * Алексей(Банщик)Садыков * не текущая
[05 фев 15 15:12] < oleg.pervyshov has left
[05 фев 15 15:12] * vyacheslav.pechko * Гошка в теме?
[05 фев 15 15:13] > Oleg Pervyshov has joined
[05 фев 15 15:14] * Алексей(Банщик)Садыков * позвать?
[05 фев 15 15:14] * Алексей(Банщик)Садыков * позвал
[05 фев 15 15:15] * Алексей(Банщик)Садыков * кстать, сл пятница это 13е февраля... а в субботу день валентина... ну это так... :)
[05 фев 15 15:16] * vyacheslav.pechko * То есть, приоритет Валентинам при выборе развратных женщин?)
[05 фев 15 15:18] * olesya.bolyak * какое удобное имя, оно ведь и мужское тоже ))
[05 фев 15 15:18] * vyacheslav.pechko * Всё продумано))
[05 фев 15 15:18] * olesya.bolyak * *THUMBS UP*
[05 фев 15 15:18] < Oleg Pervyshov has left
[05 фев 15 15:18] * vyacheslav.pechko * Все отметились?: https://docs.google.com/spreadsheets/d/1xLDbUYWgAnBvhP0wPlYg-qfZJI4mIc6o3pC81EQhWFQ/edit#gid=0
[05 фев 15 15:19] * Алексей(Банщик)Садыков * Чото не много людёв :)
[05 фев 15 15:20] * olesya.bolyak * не все видели прост
[05 фев 15 15:20] * Алексей(Банщик)Садыков * Олеся, тебя там нет :)
[05 фев 15 15:20] * Алексей(Банщик)Садыков * чую пятница победит всех
[05 фев 15 15:33] < gregory.koval has left
[05 фев 15 15:36] > gregory.koval has joined
[05 фев 15 15:38] < alexander.karpuhin has left
[05 фев 15 15:41] * vladimir.minakov * эээ а что за Владимир там?
[05 фев 15 15:41] * vyacheslav.pechko * Ты, перезаполни)
[05 фев 15 15:41] * vladimir.minakov * старая таблица?
[05 фев 15 15:42] * vladimir.minakov * ok
[05 фев 15 15:42] * vyacheslav.pechko * ага
[05 фев 15 15:51] * Алексей(Банщик)Садыков * 6 человек в пятницу - не густо
[05 фев 15 15:59] < gregory.koval has left
[05 фев 15 16:01] > gregory.koval has joined
[05 фев 15 16:03] < gregory.koval has left
[05 фев 15 16:03] > gregory.koval has joined
[05 фев 15 16:17] * Алексей(Банщик)Садыков * ухты четвер 12 против пятницы 20 по 6 голосов
[05 фев 15 16:18] * olesya.bolyak * Артем и Виталик отметились?
[05 фев 15 16:18] * Алексей(Банщик)Садыков * да
[05 фев 15 16:18] * vitaliy.pomazenkov * Я только по времени отметился, по дням везде 0 поставил.
[05 фев 15 16:18] * Алексей(Банщик)Садыков * ууу
[05 фев 15 16:19] * vitaliy.pomazenkov * В любой день могу как пойти так и не пойти с одинаковой вероятностью = 50%, т.к. у меня ща мега-ремонт и постоянно что-то случается, что надо всё бросать и ехать на разборки.
[05 фев 15 16:19] * denis.verevkin * прикинь ты такой в своем платье и с веником прилетаешь на стрелку
[05 фев 15 16:20] * denis.verevkin * и все решается в это мгновеенье
[05 фев 15 16:20] * vitaliy.pomazenkov * Это же не платье, а роба, одеяние и т.п.
