[28 июн 13 14:30] * Vyacheslav * Я даже страницу до этого рефрешил ctrl+R-ом)
[28 июн 13 14:31] * Konstantin * может хром под новую версию отчетов обновили ))
[28 июн 13 14:31] * Vyacheslav * Возможно)
[28 июн 13 16:13] * Konstantin * я в поликлинику пошел, если соскучитесь, звоните.
[28 июн 13 16:13] * alexey.sadykov * лечись давай, ты нам нужен здоровый
[01 июл 13 18:00] * alexey.sadykov * Костя тебя Денис искал
[01 июл 13 18:02] * Konstantin * ага
[02 июл 13 11:58] * Vyacheslav * го за едой?
[02 июл 13 11:59] * Konstantin * пошли
[02 июл 13 13:08] * alexey.sadykov * и долго низя будет свн пользоваться то?
[02 июл 13 13:14] * Konstantin * UIAUTO-1630, UIAUTO-1698 - Critical, связаны (можно делать все в первой - UIAUTO-1630). Было бы клёво сегодня хотя б заглушку.
[02 июл 13 13:15] * Konstantin * в ней уже есть поправленые локаторы.
[02 июл 13 13:17] * alexey.sadykov * у меня коммит лежит готовый... лить не могу
[04 июл 13 13:04] * vitaliy.pomazenkov * Я на 2-3 часа отъеду в поликлинику.
[04 июл 13 14:10] * Vyacheslav * http://www.traektoria.ru/mans/longboards/accessories/gform-crash_short.htm
[04 июл 13 14:10] * Vyacheslav * есть такая штука для защиты
[04 июл 13 14:11] * Konstantin * да, я про нее и говорил вчера. есть еще на локти
[04 июл 13 14:12] * Vyacheslav * ага
[04 июл 13 14:12] * Konstantin * http://www.traektoria.ru/mans/longboards/zacshitadlialongborda/gform-elbow.htm
[04 июл 13 14:12] * Vyacheslav * видел
[04 июл 13 16:26] # The topic is 'тестеры тестеры, тестеры оиксеры' (set by alexey.sadykov)
[04 июл 13 16:54] > vitaliy.pomazenkov has joined
[04 июл 13 17:00] < alexey.sadykov has left
[04 июл 13 19:08] < vitaliy.pomazenkov has left
[04 июл 13 20:08] < Vyacheslav has left
[05 июл 13 01:20] < Konstantin has left
[28 июн 13 16:13] * Konstantin * я в поликлинику пошел, если соскучитесь, звоните.
[28 июн 13 16:13] * alexey.sadykov * лечись давай, ты нам нужен здоровый
[01 июл 13 18:00] * alexey.sadykov * Костя тебя Денис искал
[01 июл 13 18:02] * Konstantin * ага
[02 июл 13 11:58] * Vyacheslav * го за едой?
[02 июл 13 11:59] * Konstantin * пошли
[02 июл 13 13:08] * alexey.sadykov * и долго низя будет свн пользоваться то?
[02 июл 13 13:14] * Konstantin * UIAUTO-1630, UIAUTO-1698 - Critical, связаны (можно делать все в первой - UIAUTO-1630). Было бы клёво сегодня хотя б заглушку.
[02 июл 13 13:15] * Konstantin * в ней уже есть поправленые локаторы.
[02 июл 13 13:17] * alexey.sadykov * у меня коммит лежит готовый... лить не могу
[04 июл 13 13:04] * vitaliy.pomazenkov * Я на 2-3 часа отъеду в поликлинику.
[04 июл 13 14:10] * Vyacheslav * http://www.traektoria.ru/mans/longboards/accessories/gform-crash_short.htm
[04 июл 13 14:10] * Vyacheslav * есть такая штука для защиты
[04 июл 13 14:11] * Konstantin * да, я про нее и говорил вчера. есть еще на локти
[04 июл 13 14:12] * Vyacheslav * ага
[04 июл 13 14:12] * Konstantin * http://www.traektoria.ru/mans/longboards/zacshitadlialongborda/gform-elbow.htm
[04 июл 13 14:12] * Vyacheslav * видел
[05 июл 13 12:31] * vitaliy.pomazenkov * Чай уже пили?
[05 июл 13 12:31] * Konstantin * не щее
[05 июл 13 12:32] * Konstantin * еще
[08 июл 13 13:05] # The topic is 'тестеры тестеры, тестеры оиксеры' (set by alexey.sadykov)
[08 июл 13 13:05] * artem.ryabov * эгегей, Селениумисты автотестеры!
[08 июл 13 13:06] * vitaliy.pomazenkov * Ё!
[08 июл 13 13:08] * artem.ryabov * пока набирал вопрос сам нашёл ответ 8)
[08 июл 13 13:08] * artem.ryabov * тест на test-auto сегодня в 23:00 значит запустится
[08 июл 13 13:08] * vitaliy.pomazenkov * Угу. Вам 2.9 уже туда воткнули?
[08 июл 13 13:09] * artem.ryabov * нет, 2.8.0.7 Виталик с утра наконец поставил, как и полагается
[08 июл 13 13:10] * vitaliy.pomazenkov * Почему так полагается? У нас уже 3.0.
[08 июл 13 13:16] * artem.ryabov * ну, потому что https://jira.corp.phorm.com/browse/QA-3767 наверное
[08 июл 13 13:16] * artem.ryabov * у нас и на тесте ещё 2.8 ..
[08 июл 13 13:17] * artem.ryabov * может, они озаботились ознакомиться с результатами автотестов перед переходом на 2.9 и отправкой 2.8 в сторону клиента
[08 июл 13 13:20] * artem.ryabov * у
[08 июл 13 13:20] * artem.ryabov * чьорт
[08 июл 13 16:00] * artem.ryabov * vitaliy.knyazev, 08.07.2013 15:55:38:

artem.ryabov, 15:55:49:
работает

vitaliy.knyazev, 15:56:02:
ничего не мешает автотестированию ?

artem.ryabov, 15:56:03:
тест запустится по расписанию и посмотрим

vitaliy.knyazev, 15:56:17:
а что за расписание ?

artem.ryabov, 15:56:43:
у них же тесты сами запускаются

artem.ryabov, 15:56:48:
в 23:00 сегодня

artem.ryabov, 15:56:52:
бедт следующий

vitaliy.knyazev, 15:57:23:
где запускаются ? на АТ Тест ? а разве не вручную они запускаются ?

artem.ryabov, 15:57:34:
нет, не вручную, они говорят
хотя при желании, наверное, можно и вручную

vitaliy.knyazev, 15:58:15:
а что мешает запустить вручную сейчас ? можешь узнать у них ?

artem.ryabov, 15:58:22:
хорошо
[08 июл 13 16:00] * artem.ryabov * сорри за спам
[08 июл 13 16:01] * artem.ryabov * или это надо было тебе, Виталик, лично? :-)
[08 июл 13 16:28] * artem.ryabov * есичо это не просто спам был, а вопрос..
[08 июл 13 17:57] * vitaliy.pomazenkov * Мы на совещании были. Тесты запускаются по расписанию, можно и вручную если хочется, но результаты будут через несколько часов, сейчас уже 18.
[08 июл 13 17:57] * artem.ryabov * да, я понял
[08 июл 13 17:57] * vitaliy.pomazenkov * Проще дождаться завтрашних результатов.
[08 июл 13 17:57] * artem.ryabov * угу
[08 июл 13 18:21] < vitaliy.pomazenkov has left
