[15 авг 13 13:31] # The topic is 'https://jira.corp.phorm.com/browse/UIAUTO-1351' (set by alexey.sadykov)
[15 авг 13 13:32] * alexey.sadykov * Ждем Полянцева, Помазенкова и Смирнова
[15 авг 13 13:33] * vitaliy.pomazenkov * Привет.
[15 авг 13 13:33] * mikhail.polyantsev * Смирнов ане ждите
[15 авг 13 13:34] * mikhail.polyantsev * привет
[15 авг 13 13:34] * alexey.sadykov * а где он?
[15 авг 13 13:34] * mikhail.polyantsev * в отпуске
[15 авг 13 13:34] * alexey.sadykov * а кто хорошо разбирается в инвойсах?
[15 авг 13 13:34] * mikhail.polyantsev * Рябов неплохо
[15 авг 13 13:35] * alexey.sadykov * Вобщем мне надо заавтоматизировать функциональность фрауд инвойс
[15 авг 13 13:36] * mikhail.polyantsev * могу скинуть вам наши тесты на эту тему
[15 авг 13 13:36] * alexey.sadykov * я смотрю тест план https://confluence.ocslab.com/display/QA/OIX+Fraud+Billing+Testplan - и понимаю что я его покрывать буду полгода :)
[15 авг 13 13:36] * mikhail.polyantsev * но тебя ведь только инвойсы интересуют?
[15 авг 13 13:36] * mikhail.polyantsev * в тест плане все рассмотрено куда шире
[15 авг 13 13:37] * alexey.sadykov * автотесты базовые на инвойсы уже есть: генерация статистики, проверка инвойса, а также инвойс воркфлоу
[15 авг 13 13:37] * alexey.sadykov * вот, мы тут посовещались с Виталием и решили сделать так: я по своему автоматизирую инвойс фрауд и потом мы с Мишей смотрим, на сколько оказался покрыт тест план, как вам такая идеия?
[15 авг 13 13:38] * alexey.sadykov * просто проходить по шагам тест план - это жесть, если все эти шаги автоматизировать, то тест получится длинным, сильно сложным, тяжело поддерживаемым...
[15 авг 13 13:39] * alexey.sadykov * Андрей, Миша как вы считаете?
[15 авг 13 13:40] * mikhail.polyantsev * такая штука получается- ты покроешь етсты 1 и2 грубо говоря
[15 авг 13 13:41] * mikhail.polyantsev * но тесты 3 и 4 как бы требуют входных данных оттуда
[15 авг 13 13:41] * mikhail.polyantsev * т.е. нам лично это работу не сократит
[15 авг 13 13:41] * vitaliy.pomazenkov * Тут та же проблема, что была с RSAPI, ручной тест автоматизировать намного сложнее чем написать авто-тесты по собственному сценарию и если потребуется, то проще увеличить покрытие так, чтобы оно на 90% перекрывало ручные тест-планы.
[15 авг 13 13:41] * mikhail.polyantsev * тогда вопрос- когда планируете проверять фрауд для биллов и на вью страницах сущностей?
[15 авг 13 13:42] * alexey.sadykov * в целом я хотел предложить такой кейс:
- создаются все нужные сущности: адвертайзер, кампания, группа, креатив
- генерируется статистика, часть статистики будет помечена этим флагом, т.е. как фраудная. Статистика записывается в базу.
- проверяем инвойс, смотрим, что фраудная статистика не присутствует в инвойсе
[15 авг 13 13:43] * mikhail.polyantsev * а нельзя смотерть сразу во всех сущностях а не только в инвойсе?
[15 авг 13 13:44] * mikhail.polyantsev * потмоу что мы везде смотрим
[15 авг 13 13:44] * alexey.sadykov * Вот у нас смотрится только на инвойсах... можно конечно смотреть и в адвертайзер файнанс, и в кампании, и в группе, и в креативе
[15 авг 13 13:44] * mikhail.polyantsev * мне кажется что нужно
[15 авг 13 13:44] * alexey.sadykov * но это потребует доп доработки - не проблема если дадут времени :)
[15 авг 13 13:44] * mikhail.polyantsev * Андрей, что скажешь?
[15 авг 13 13:44] * vitaliy.pomazenkov * Думаю, можно проверку вью сделать в остальных местах, угу.
[15 авг 13 13:44] * alexey.sadykov * Артем, с твоей точки зрения - правильный ли такой кейс? инвойс не будет вкючать в себя фраудную статистику?
[15 авг 13 13:45] * alexey.sadykov * я просто плохо разбираюсь в инвойсах :)
[15 авг 13 13:46] * artem.ryabov * как Миша и сказал, кейс вроде ничего, но покрывает мало...   Хотя бы билл бы покрывал
[15 авг 13 13:46] * alexey.sadykov * билл? конкретней...
[15 авг 13 13:47] * vitaliy.pomazenkov * Билл - в смысле проверить, что там их тоже нет?
[15 авг 13 13:47] * artem.ryabov * правильный учёт финансовой статистики с мошенническими действиями пользователей у других участников бизнес процесса - издателей и провайдеров
[15 авг 13 13:47] * mikhail.polyantsev * вообще я щас посомтрел еще раз тест план- все таки тест про билл не зависит от етста про инвойс
[15 авг 13 13:47] * mikhail.polyantsev * т.е. в принципе мне кажется вам надо просто покрыть етсты 1 и 2
[15 авг 13 13:48] * alexey.sadykov * много связанных моментов можно найти - нам надо покрыть главное... остальное мясо будем наращивать в будущем
[15 авг 13 13:48] * mikhail.polyantsev * что в тестах 1 и 2 мясо?
[15 авг 13 13:48] * alexey.sadykov * хорошо, оставим Test 1. Fraud Invoice without payments и Test 2. Open Fraud Invoice
[15 авг 13 13:48] * mikhail.polyantsev * по-моему очень кратко и по делу
[15 авг 13 13:49] * alexey.sadykov * мой кейс покрывает их?
[15 авг 13 13:50] * mikhail.polyantsev * тут есть нюанс- в какой момент статистика стала фраудной
[15 авг 13 13:51] * mikhail.polyantsev * до того как инвойс сгенерили или после
[15 авг 13 13:51] * alexey.sadykov * ньансов полно будет :)
[15 авг 13 13:51] * alexey.sadykov * ну вот уже два кейса есть
[15 авг 13 13:51] * mikhail.polyantsev * сгенерили я имею в виду из U->G
[15 авг 13 13:51] * mikhail.polyantsev * cj,cndtyyj ghj nj 2 rtqcf d ng b tcnm
[15 авг 13 13:51] * mikhail.polyantsev * собственно про это 1и 2 кейсы в тп
[15 авг 13 13:52] * alexey.sadykov * ок, на этоми остановимся - я детально изучу два этих теста, если будут вопросы - буду спрашивать Андрея или мистера Артема. По окончанию составлю тест план и отправлю Андрею на ревью. После чего займусь автоматизацией
[15 авг 13 13:53] * artem.ryabov * when fraud imps > imps -- это я так понимаю, как раз тот нюанс, когда сгенерили до того, как стала фродной
[15 авг 13 13:53] * mikhail.polyantsev * ок. В принципе в понедельник вернется и сам автор
[15 авг 13 13:53] * alexey.sadykov * скорее всего да
[15 авг 13 13:54] * artem.ryabov * правда там тогда 2 инвойса... оба будешь проверять? 8)
[15 авг 13 13:54] * alexey.sadykov * да хоть 10
[15 авг 13 13:54] * artem.ryabov * *THUMBS UP*
[15 авг 13 13:54] * alexey.sadykov * автотесту количества не страшны :)
[15 авг 13 13:55] * alexey.sadykov * плюс добавлю проверки на вью страницах других сущностей как в тест плане
[15 авг 13 13:55] * mikhail.polyantsev * кстати, можно еще добавить туда параметры чтоб статистика бралась так же из cmp и wg
[15 авг 13 13:55] * mikhail.polyantsev * Для инвойсов я имею в виду
[15 авг 13 13:55] * alexey.sadykov * это другие тест кейсы, они уже запланированы
[15 авг 13 13:55] * alexey.sadykov * https://jira.corp.phorm.com/browse/UIAUTO-1352
https://jira.corp.phorm.com/browse/UIAUTO-1350
[15 авг 13 13:56] * mikhail.polyantsev * а, понятно, ну путсь будет пок аобщий случай
[15 авг 13 13:56] * alexey.sadykov * ну что, тогда чат можно считать оконченным? есть еще вопросы/предложения?
[15 авг 13 14:01] * alexey.sadykov * тогда закрываем тему
[15 авг 13 14:01] * alexey.sadykov * всем спасибо
[15 авг 13 14:02] < mikhail.polyantsev has left (QIP Infium: Спокойное общение)
[15 авг 13 14:08] < vitaliy.pomazenkov has left
